Flow report for Aula3
Mon Oct 14 14:42:13 2019
Quartus Prime Version 18.1.0 Build 625 09/12/2018 SJ Standard Edition


---------------------
; Table of Contents ;
---------------------
  1. Legal Notice
  2. Flow Summary
  3. Flow Settings
  4. Flow Non-Default Global Settings
  5. Flow Elapsed Time
  6. Flow OS Summary
  7. Flow Log
  8. Flow Messages
  9. Flow Suppressed Messages



----------------
; Legal Notice ;
----------------
Copyright (C) 2018  Intel Corporation. All rights reserved.
Your use of Intel Corporation's design tools, logic functions 
and other software and tools, and its AMPP partner logic 
functions, and any output files from any of the foregoing 
(including device programming or simulation files), and any 
associated documentation or information are expressly subject 
to the terms and conditions of the Intel Program License 
Subscription Agreement, the Intel Quartus Prime License Agreement,
the Intel FPGA IP License Agreement, or other applicable license
agreement, including, without limitation, that your use is for
the sole purpose of programming logic devices manufactured by
Intel and sold by Intel or its authorized distributors.  Please
refer to the applicable agreement for further details.



+-----------------------------------------------------------------------------------+
; Flow Summary                                                                      ;
+---------------------------------+-------------------------------------------------+
; Flow Status                     ; Successful - Mon Oct 14 14:42:13 2019           ;
; Quartus Prime Version           ; 18.1.0 Build 625 09/12/2018 SJ Standard Edition ;
; Revision Name                   ; Aula3                                           ;
; Top-level Entity Name           ; topLevel                                        ;
; Family                          ; Cyclone V                                       ;
; Device                          ; 5CSXFC6D6F31C6                                  ;
; Timing Models                   ; Final                                           ;
; Logic utilization (in ALMs)     ; 814 / 41,910 ( 2 % )                            ;
; Total registers                 ; 1106                                            ;
; Total pins                      ; 11 / 499 ( 2 % )                                ;
; Total virtual pins              ; 0                                               ;
; Total block memory bits         ; 1,059,840 / 5,662,720 ( 19 % )                  ;
; Total DSP Blocks                ; 0 / 112 ( 0 % )                                 ;
; Total HSSI RX PCSs              ; 0 / 9 ( 0 % )                                   ;
; Total HSSI PMA RX Deserializers ; 0 / 9 ( 0 % )                                   ;
; Total HSSI TX PCSs              ; 0 / 9 ( 0 % )                                   ;
; Total HSSI PMA TX Serializers   ; 0 / 9 ( 0 % )                                   ;
; Total PLLs                      ; 0 / 15 ( 0 % )                                  ;
; Total DLLs                      ; 0 / 4 ( 0 % )                                   ;
+---------------------------------+-------------------------------------------------+


+-----------------------------------------+
; Flow Settings                           ;
+-------------------+---------------------+
; Option            ; Setting             ;
+-------------------+---------------------+
; Start date & time ; 10/14/2019 14:35:39 ;
; Main task         ; Compilation         ;
; Revision Name     ; Aula3               ;
+-------------------+---------------------+


+------------------------------------------------------------------------------------------------------------------------------------------------+
; Flow Non-Default Global Settings                                                                                                               ;
+-------------------------------------+-----------------------------------------------------------+---------------+-------------+----------------+
; Assignment Name                     ; Value                                                     ; Default Value ; Entity Name ; Section Id     ;
+-------------------------------------+-----------------------------------------------------------+---------------+-------------+----------------+
; COMPILER_SIGNATURE_ID               ; 52235418694.157108893834969                               ; --            ; --          ; --             ;
; EDA_OUTPUT_DATA_FORMAT              ; Verilog Hdl                                               ; --            ; --          ; eda_simulation ;
; EDA_SIMULATION_TOOL                 ; ModelSim-Altera (Verilog)                                 ; <None>        ; --          ; --             ;
; EDA_TIME_SCALE                      ; 1 ps                                                      ; --            ; --          ; eda_simulation ;
; IP_SEARCH_PATHS                     ; /home/gmore/Desktop/Entrega3/IP                           ; --            ; --          ; --             ;
; MAX_CORE_JUNCTION_TEMP              ; 85                                                        ; --            ; --          ; --             ;
; MIN_CORE_JUNCTION_TEMP              ; 0                                                         ; --            ; --          ; --             ;
; MISC_FILE                           ; unsaved/synthesis/../unsaved.cmp                          ; --            ; --          ; --             ;
; MISC_FILE                           ; unsaved/synthesis/../../unsaved.qsys                      ; --            ; --          ; --             ;
; PARTITION_COLOR                     ; -- (Not supported for targeted family)                    ; --            ; topLevel    ; Top            ;
; PARTITION_FITTER_PRESERVATION_LEVEL ; -- (Not supported for targeted family)                    ; --            ; topLevel    ; Top            ;
; PARTITION_NETLIST_TYPE              ; -- (Not supported for targeted family)                    ; --            ; topLevel    ; Top            ;
; POWER_BOARD_THERMAL_MODEL           ; None (CONSERVATIVE)                                       ; --            ; --          ; --             ;
; POWER_PRESET_COOLING_SOLUTION       ; 23 MM HEAT SINK WITH 200 LFPM AIRFLOW                     ; --            ; --          ; --             ;
; PROJECT_OUTPUT_DIRECTORY            ; output_files                                              ; --            ; --          ; --             ;
; SLD_FILE                            ; unsaved/synthesis/unsaved.regmap                          ; --            ; --          ; --             ;
; SLD_FILE                            ; unsaved/synthesis/unsaved.debuginfo                       ; --            ; --          ; --             ;
; SLD_INFO                            ; QSYS_NAME unsaved HAS_SOPCINFO 1 GENERATION_ID 1569884806 ; --            ; unsaved     ; --             ;
; SOPCINFO_FILE                       ; unsaved/synthesis/../../unsaved.sopcinfo                  ; --            ; --          ; --             ;
; SYNTHESIS_ONLY_QIP                  ; On                                                        ; --            ; --          ; --             ;
; TOP_LEVEL_ENTITY                    ; topLevel                                                  ; Aula3         ; --          ; --             ;
+-------------------------------------+-----------------------------------------------------------+---------------+-------------+----------------+


+--------------------------------------------------------------------------------------------------------------------------+
; Flow Elapsed Time                                                                                                        ;
+----------------------+--------------+-------------------------+---------------------+------------------------------------+
; Module Name          ; Elapsed Time ; Average Processors Used ; Peak Virtual Memory ; Total CPU Time (on all processors) ;
+----------------------+--------------+-------------------------+---------------------+------------------------------------+
; Analysis & Synthesis ; 00:01:23     ; 1.0                     ; 1169 MB             ; 00:01:10                           ;
; Fitter               ; 00:03:55     ; 1.1                     ; 2249 MB             ; 00:03:33                           ;
; Assembler            ; 00:00:19     ; 1.0                     ; 1023 MB             ; 00:00:13                           ;
; Timing Analyzer      ; 00:00:30     ; 1.5                     ; 1269 MB             ; 00:00:24                           ;
; EDA Netlist Writer   ; 00:00:09     ; 1.0                     ; 1201 MB             ; 00:00:06                           ;
; Total                ; 00:06:16     ; --                      ; --                  ; 00:05:26                           ;
+----------------------+--------------+-------------------------+---------------------+------------------------------------+


+----------------------------------------------------------------------------------------+
; Flow OS Summary                                                                        ;
+----------------------+------------------+----------------+------------+----------------+
; Module Name          ; Machine Hostname ; OS Name        ; OS Version ; Processor type ;
+----------------------+------------------+----------------+------------+----------------+
; Analysis & Synthesis ; ubuntu           ; Ubuntu 18.04.2 ; 18         ; x86_64         ;
; Fitter               ; ubuntu           ; Ubuntu 18.04.2 ; 18         ; x86_64         ;
; Assembler            ; ubuntu           ; Ubuntu 18.04.2 ; 18         ; x86_64         ;
; Timing Analyzer      ; ubuntu           ; Ubuntu 18.04.2 ; 18         ; x86_64         ;
; EDA Netlist Writer   ; ubuntu           ; Ubuntu 18.04.2 ; 18         ; x86_64         ;
+----------------------+------------------+----------------+------------+----------------+


------------
; Flow Log ;
------------
quartus_map --read_settings_files=on --write_settings_files=off Aula3 -c Aula3
quartus_fit --read_settings_files=off --write_settings_files=off Aula3 -c Aula3
quartus_asm --read_settings_files=off --write_settings_files=off Aula3 -c Aula3
quartus_sta Aula3 -c Aula3
quartus_eda --read_settings_files=off --write_settings_files=off Aula3 -c Aula3



